<?xml version="1.0" encoding="UTF-8"?>
<!-- Generated by org.testng.reporters.JUnitReportReporter -->
<testsuite hostname="DESKTOP-ILMFQBM" failures="0" tests="3" name="rahulshettyacademy.tests.SubmitOrderTest" time="21.048" errors="0" timestamp="2023-06-25T16:15:24 IST" skipped="0">
  <testcase classname="rahulshettyacademy.tests.SubmitOrderTest" name="submitOrder" time="9.821"/>
  <system-out/>
  <testcase classname="rahulshettyacademy.tests.SubmitOrderTest" name="submitOrder" time="7.337"/>
  <system-out/>
  <testcase classname="rahulshettyacademy.tests.SubmitOrderTest" name="OrderHistoryTest" time="3.890"/>
  <system-out/>
</testsuite> <!-- rahulshettyacademy.tests.SubmitOrderTest -->
